<?xml version="1.0" encoding="UTF-8"?>
<!-- Generated by org.testng.reporters.JUnitReportReporter -->
<testsuite hostname="DESKTOP-M75R6AP" failures="0" tests="10" name="Test.HomePageTest" time="3.025" errors="2" timestamp="2023-02-15T10:35:33 IST" skipped="0">
  <testcase classname="Test.HomePageTest" name="verifyurlTest" time="0.062"/>
  <system-out/>
  <testcase classname="Test.HomePageTest" name="VerifytitleTest" time="0.020"/>
  <system-out/>
  <testcase classname="Test.HomePageTest" name="capturelogo" time="1.179">
    <error message="File system element for parameter &#039;source&#039; does not exist: &#039;.\Screenshots\facebook.png&#039;" type="java.io.FileNotFoundException">
      <![CDATA[java.io.FileNotFoundException: File system element for parameter 'source' does not exist: '.\Screenshots\facebook.png'
at org.apache.commons.io.FileUtils.requireExistsChecked(FileUtils.java:2719)
at org.apache.commons.io.FileUtils.requireFileCopy(FileUtils.java:2751)
at org.apache.commons.io.FileUtils.copyFile(FileUtils.java:840)
at org.apache.commons.io.FileUtils.copyFile(FileUtils.java:756)
at Test.HomePageTest.capturelogo(HomePageTest.java:60)
at java.base/jdk.internal.reflect.NativeMethodAccessorImpl.invoke0(Native Method)
at java.base/jdk.internal.reflect.NativeMethodAccessorImpl.invoke(NativeMethodAccessorImpl.java:77)
at java.base/jdk.internal.reflect.DelegatingMethodAccessorImpl.invoke(DelegatingMethodAccessorImpl.java:43)
at java.base/java.lang.reflect.Method.invoke(Method.java:568)
at org.testng.internal.invokers.MethodInvocationHelper.invokeMethod(MethodInvocationHelper.java:139)
at org.testng.internal.invokers.TestInvoker.invokeMethod(TestInvoker.java:677)
at org.testng.internal.invokers.TestInvoker.invokeTestMethod(TestInvoker.java:221)
at org.testng.internal.invokers.MethodRunner.runInSequence(MethodRunner.java:50)
at org.testng.internal.invokers.TestInvoker$MethodInvocationAgent.invoke(TestInvoker.java:962)
at org.testng.internal.invokers.TestInvoker.invokeTestMethods(TestInvoker.java:194)
at org.testng.internal.invokers.TestMethodWorker.invokeTestMethods(TestMethodWorker.java:148)
at org.testng.internal.invokers.TestMethodWorker.run(TestMethodWorker.java:128)
at java.base/java.util.ArrayList.forEach(ArrayList.java:1511)
at org.testng.TestRunner.privateRun(TestRunner.java:806)
at org.testng.TestRunner.run(TestRunner.java:601)
at org.testng.SuiteRunner.runTest(SuiteRunner.java:433)
at org.testng.SuiteRunner.runSequentially(SuiteRunner.java:427)
at org.testng.SuiteRunner.privateRun(SuiteRunner.java:387)
at org.testng.SuiteRunner.run(SuiteRunner.java:330)
at org.testng.SuiteRunnerWorker.runSuite(SuiteRunnerWorker.java:52)
at org.testng.SuiteRunnerWorker.run(SuiteRunnerWorker.java:95)
at org.testng.TestNG.runSuitesSequentially(TestNG.java:1256)
at org.testng.TestNG.runSuitesLocally(TestNG.java:1176)
at org.testng.TestNG.runSuites(TestNG.java:1099)
at org.testng.TestNG.run(TestNG.java:1067)
at org.testng.remote.AbstractRemoteTestNG.run(AbstractRemoteTestNG.java:115)
at org.testng.remote.RemoteTestNG.initAndRun(RemoteTestNG.java:251)
at org.testng.remote.RemoteTestNG.main(RemoteTestNG.java:77)
]]>
    </error>
  </testcase> <!-- capturelogo -->
  <system-out/>
  <testcase classname="Test.HomePageTest" name="verifyUsernametextbox" time="0.255"/>
  <system-out/>
  <testcase classname="Test.HomePageTest" name="verifyPassworTextbox" time="0.056"/>
  <system-out/>
  <testcase classname="Test.HomePageTest" name="verifyLoginbutton" time="0.048"/>
  <system-out/>
  <testcase classname="Test.HomePageTest" name="verifyForgotpasswordlink" time="0.051"/>
  <system-out/>
  <testcase classname="Test.HomePageTest" name="verifyCreateAccountbutton" time="0.052"/>
  <system-out/>
  <testcase classname="Test.HomePageTest" name="verifyText" time="0.277"/>
  <system-out/>
  <testcase classname="Test.HomePageTest" name="compareLogoTest" time="1.025">
    <error message="Can&#039;t read input file!" type="javax.imageio.IIOException">
      <![CDATA[javax.imageio.IIOException: Can't read input file!
at java.desktop/javax.imageio.ImageIO.read(ImageIO.java:1310)
at Test.HomePageTest.compareLogoTest(HomePageTest.java:117)
at java.base/jdk.internal.reflect.NativeMethodAccessorImpl.invoke0(Native Method)
at java.base/jdk.internal.reflect.NativeMethodAccessorImpl.invoke(NativeMethodAccessorImpl.java:77)
at java.base/jdk.internal.reflect.DelegatingMethodAccessorImpl.invoke(DelegatingMethodAccessorImpl.java:43)
at java.base/java.lang.reflect.Method.invoke(Method.java:568)
at org.testng.internal.invokers.MethodInvocationHelper.invokeMethod(MethodInvocationHelper.java:139)
at org.testng.internal.invokers.TestInvoker.invokeMethod(TestInvoker.java:677)
at org.testng.internal.invokers.TestInvoker.invokeTestMethod(TestInvoker.java:221)
at org.testng.internal.invokers.MethodRunner.runInSequence(MethodRunner.java:50)
at org.testng.internal.invokers.TestInvoker$MethodInvocationAgent.invoke(TestInvoker.java:962)
at org.testng.internal.invokers.TestInvoker.invokeTestMethods(TestInvoker.java:194)
at org.testng.internal.invokers.TestMethodWorker.invokeTestMethods(TestMethodWorker.java:148)
at org.testng.internal.invokers.TestMethodWorker.run(TestMethodWorker.java:128)
at java.base/java.util.ArrayList.forEach(ArrayList.java:1511)
at org.testng.TestRunner.privateRun(TestRunner.java:806)
at org.testng.TestRunner.run(TestRunner.java:601)
at org.testng.SuiteRunner.runTest(SuiteRunner.java:433)
at org.testng.SuiteRunner.runSequentially(SuiteRunner.java:427)
at org.testng.SuiteRunner.privateRun(SuiteRunner.java:387)
at org.testng.SuiteRunner.run(SuiteRunner.java:330)
at org.testng.SuiteRunnerWorker.runSuite(SuiteRunnerWorker.java:52)
at org.testng.SuiteRunnerWorker.run(SuiteRunnerWorker.java:95)
at org.testng.TestNG.runSuitesSequentially(TestNG.java:1256)
at org.testng.TestNG.runSuitesLocally(TestNG.java:1176)
at org.testng.TestNG.runSuites(TestNG.java:1099)
at org.testng.TestNG.run(TestNG.java:1067)
at org.testng.remote.AbstractRemoteTestNG.run(AbstractRemoteTestNG.java:115)
at org.testng.remote.RemoteTestNG.initAndRun(RemoteTestNG.java:251)
at org.testng.remote.RemoteTestNG.main(RemoteTestNG.java:77)
]]>
    </error>
  </testcase> <!-- compareLogoTest -->
  <system-out/>
</testsuite> <!-- Test.HomePageTest -->
