<?xml version="1.0" encoding="UTF-8"?>
<!-- Generated by org.testng.reporters.JUnitReportReporter -->
<testsuite hostname="DESKTOP-M75R6AP" failures="0" tests="4" name="Test.LoginPageTest" time="24.086" errors="0" timestamp="2023-02-26T10:42:53 IST" skipped="0">
  <testcase classname="Test.LoginPageTest" name="LoginTest" time="0.549"/>
  <system-out/>
  <testcase classname="Test.LoginPageTest" name="LoginTest" time="9.566"/>
  <system-out/>
  <testcase classname="Test.LoginPageTest" name="LoginTest" time="11.371"/>
  <system-out/>
  <testcase classname="Test.LoginPageTest" name="LoginTest" time="2.600"/>
  <system-out/>
</testsuite> <!-- Test.LoginPageTest -->
