<?xml version="1.0" encoding="UTF-8"?>
<!-- Generated by org.testng.reporters.JUnitReportReporter -->
<testsuite hostname="DESKTOP-M75R6AP" failures="0" tests="1" name="Test.HomePage" time="0.037" errors="0" timestamp="2023-02-13T09:34:54 IST" skipped="0">
  <testcase classname="Test.HomePage" name="titleTest" time="0.037"/>
  <system-out/>
</testsuite> <!-- Test.HomePage -->
